<?xml version="1.0" encoding="UTF-8"?>
<!-- Generated by org.testng.reporters.JUnitReportReporter -->
<testsuite skipped="0" hostname="CJLPE13877FK" name="com.vin.testscripts.MyProfileLicensureHappyPath" tests="1" failures="0" timestamp="17 Sep 2020 10:24:04 GMT" time="133.995" errors="0">
  <testcase name="verifyMyProfileEducationHappyPath" time="133.995" classname="com.vin.testscripts.MyProfileLicensureHappyPath"/>
</testsuite> <!-- com.vin.testscripts.MyProfileLicensureHappyPath -->
