<?xml version="1.0" encoding="UTF-8"?>
<!-- Generated by org.testng.reporters.JUnitReportReporter -->
<testsuite skipped="0" hostname="CJLPE13877FK" name="com.vin.testscripts.VetzInsightHappyPath" tests="1" failures="0" timestamp="25 Jul 2020 07:50:54 GMT" time="83.383" errors="0">
  <testcase name="verifyVetzInsightHappyPath" time="83.383" classname="com.vin.testscripts.VetzInsightHappyPath"/>
</testsuite> <!-- com.vin.testscripts.VetzInsightHappyPath -->
