<?xml version="1.0" encoding="UTF-8"?>
<!-- Generated by org.testng.reporters.JUnitReportReporter -->
<testsuite skipped="0" hostname="CJLPE13877FK" name="com.vin.testscripts.LandingPagePrefOnePass" tests="1" failures="0" timestamp="17 Sep 2020 08:40:51 GMT" time="176.313" errors="0">
  <testcase name="LandingPagePrefOnePass" time="176.313" classname="com.vin.testscripts.LandingPagePrefOnePass"/>
</testsuite> <!-- com.vin.testscripts.LandingPagePrefOnePass -->
