<?xml version="1.0" encoding="UTF-8"?>
<!-- Generated by org.testng.reporters.JUnitReportReporter -->
<testsuite skipped="0" hostname="CJLPE13877FK" name="com.vin.testscripts.CRIHappyPath" tests="1" failures="0" timestamp="17 Sep 2020 08:40:51 GMT" time="145.735" errors="0">
  <testcase name="verifyCRIHappyPath" time="145.735" classname="com.vin.testscripts.CRIHappyPath"/>
</testsuite> <!-- com.vin.testscripts.CRIHappyPath -->
