<?xml version="1.0" encoding="UTF-8"?>
<!-- Generated by org.testng.reporters.JUnitReportReporter -->
<testsuite skipped="0" hostname="CJLPE13877FK" name="com.vin.testscripts.BromideCalculatorKBrHappyPath" tests="1" failures="0" timestamp="17 Sep 2020 08:40:51 GMT" time="78.408" errors="0">
  <testcase name="verifyBromideCalculatorKBrHappyPath" time="78.408" classname="com.vin.testscripts.BromideCalculatorKBrHappyPath"/>
</testsuite> <!-- com.vin.testscripts.BromideCalculatorKBrHappyPath -->
