<?xml version="1.0" encoding="UTF-8"?>
<!-- Generated by org.testng.reporters.JUnitReportReporter -->
<testsuite skipped="0" hostname="CJLPE13877FK" name="com.vin.testscripts.VVDHOnePass" tests="1" failures="0" timestamp="17 Sep 2020 08:40:51 GMT" time="187.353" errors="0">
  <testcase name="VVDHOnePass" time="187.353" classname="com.vin.testscripts.VVDHOnePass"/>
</testsuite> <!-- com.vin.testscripts.VVDHOnePass -->
