<?xml version="1.0" encoding="UTF-8"?>
<!-- Generated by org.testng.reporters.JUnitReportReporter -->
<testsuite skipped="0" hostname="CJLPE13877FK" name="com.vin.testscripts.MyProfileEducationHappyPath" tests="1" failures="0" timestamp="17 Sep 2020 10:24:04 GMT" time="148.317" errors="0">
  <testcase name="verifyMyProfileEducationHappyPath" time="148.317" classname="com.vin.testscripts.MyProfileEducationHappyPath"/>
</testsuite> <!-- com.vin.testscripts.MyProfileEducationHappyPath -->
