<?xml version="1.0" encoding="UTF-8"?>
<!-- Generated by org.testng.reporters.JUnitReportReporter -->
<testsuite skipped="0" hostname="CJLPE13877FK" name="com.vin.testscripts.SearchRegression1" tests="1" failures="0" timestamp="16 Sep 2020 10:36:31 GMT" time="511.663" errors="0">
  <testcase name="verifySearchRegression1" time="511.663" classname="com.vin.testscripts.SearchRegression1"/>
</testsuite> <!-- com.vin.testscripts.SearchRegression1 -->
