<?xml version="1.0" encoding="UTF-8"?>
<!-- Generated by org.testng.reporters.JUnitReportReporter -->
<testsuite skipped="0" hostname="CJLPE13877FK" name="com.vin.testscripts.DiscussionViewerHappyPath" tests="1" failures="0" timestamp="17 Sep 2020 10:24:04 GMT" time="242.229" errors="0">
  <testcase name="verifyDiscussionViewerHappyPath" time="242.229" classname="com.vin.testscripts.DiscussionViewerHappyPath"/>
</testsuite> <!-- com.vin.testscripts.DiscussionViewerHappyPath -->
