<?xml version="1.0" encoding="UTF-8"?>
<!-- Generated by org.testng.reporters.JUnitReportReporter -->
<testsuite skipped="0" hostname="CJLPE13877FK" name="com.vin.testscripts.MyVINProfileemailAndwebsiteHappyPath" tests="1" failures="0" timestamp="17 Sep 2020 10:24:04 GMT" time="209.819" errors="0">
  <testcase name="verifyMyVINProfileemailAndwebsiteHappyPath" time="209.819" classname="com.vin.testscripts.MyVINProfileemailAndwebsiteHappyPath"/>
</testsuite> <!-- com.vin.testscripts.MyVINProfileemailAndwebsiteHappyPath -->
