<?xml version="1.0" encoding="UTF-8"?>
<!-- Generated by org.testng.reporters.JUnitReportReporter -->
<testsuite skipped="0" hostname="CJLPE13877FK" name="com.vin.testscripts.PhlebotomyVolumeCalculatorHappyPath" tests="6" failures="0" timestamp="27 Jul 2020 18:41:29 GMT" time="381.496" errors="0">
  <testcase name="verifyphlebotomyVolumeCalculatorHappyPath" time="58.920" classname="com.vin.testscripts.PhlebotomyVolumeCalculatorHappyPath"/>
  <testcase name="verifyphlebotomyVolumeCalculatorHappyPath" time="71.996" classname="com.vin.testscripts.PhlebotomyVolumeCalculatorHappyPath"/>
  <testcase name="phlebotomyVolumeCalculatorRegressionTC2" time="56.092" classname="com.vin.testscripts.PhlebotomyVolumeCalculatorHappyPath"/>
  <testcase name="phlebotomyVolumeCalculatorRegressionTC2" time="69.205" classname="com.vin.testscripts.PhlebotomyVolumeCalculatorHappyPath"/>
  <testcase name="phlebotomyVolumeRegressionTC3" time="66.923" classname="com.vin.testscripts.PhlebotomyVolumeCalculatorHappyPath"/>
  <testcase name="phlebotomyVolumeRegressionTC3" time="58.360" classname="com.vin.testscripts.PhlebotomyVolumeCalculatorHappyPath"/>
</testsuite> <!-- com.vin.testscripts.PhlebotomyVolumeCalculatorHappyPath -->
