<?xml version="1.0" encoding="UTF-8"?>
<!-- Generated by org.testng.reporters.JUnitReportReporter -->
<testsuite skipped="0" hostname="CJLPE13877FK" name="com.vin.testscripts.PreferencesSignatureOnePass" tests="1" failures="0" timestamp="17 Sep 2020 10:24:04 GMT" time="108.205" errors="0">
  <testcase name="verifyPreferencesSignatureOnePass" time="108.205" classname="com.vin.testscripts.PreferencesSignatureOnePass"/>
</testsuite> <!-- com.vin.testscripts.PreferencesSignatureOnePass -->
