<?xml version="1.0" encoding="UTF-8"?>
<!-- Generated by org.testng.reporters.JUnitReportReporter -->
<testsuite skipped="0" hostname="CJLPE13877FK" name="com.vin.testscripts.VINPromoPage" tests="1" failures="0" timestamp="17 Sep 2020 08:40:51 GMT" time="456.452" errors="0">
  <testcase name="vinpromopage" time="456.452" classname="com.vin.testscripts.VINPromoPage"/>
</testsuite> <!-- com.vin.testscripts.VINPromoPage -->
