<?xml version="1.0" encoding="UTF-8"?>
<!-- Generated by org.testng.reporters.JUnitReportReporter -->
<testsuite skipped="0" hostname="CJLPE13877FK" name="com.vin.testscripts.EnergyRequirementsHappyPath" tests="1" failures="0" timestamp="17 Sep 2020 10:24:04 GMT" time="85.750" errors="0">
  <testcase name="EnergyRequirementsHappyPath" time="85.750" classname="com.vin.testscripts.EnergyRequirementsHappyPath"/>
</testsuite> <!-- com.vin.testscripts.EnergyRequirementsHappyPath -->
