<?xml version="1.0" encoding="UTF-8"?>
<!-- Generated by org.testng.reporters.JUnitReportReporter -->
<testsuite skipped="0" hostname="CJLPE13877FK" name="com.vin.testscripts.FluidTherapyHappyPath" tests="1" failures="0" timestamp="17 Sep 2020 10:24:04 GMT" time="80.571" errors="0">
  <testcase name="FluidTherapyHappyPath" time="80.571" classname="com.vin.testscripts.FluidTherapyHappyPath"/>
</testsuite> <!-- com.vin.testscripts.FluidTherapyHappyPath -->
