<?xml version="1.0" encoding="UTF-8"?>
<!-- Generated by org.testng.reporters.JUnitReportReporter -->
<testsuite skipped="0" hostname="CJLPE13877FK" name="com.vin.testscripts.BoardsLanding" tests="1" failures="0" timestamp="17 Sep 2020 08:40:51 GMT" time="165.354" errors="0">
  <testcase name="boardsLandingPage" time="165.354" classname="com.vin.testscripts.BoardsLanding"/>
</testsuite> <!-- com.vin.testscripts.BoardsLanding -->
