<?xml version="1.0" encoding="UTF-8"?>
<!-- Generated by org.testng.reporters.JUnitReportReporter -->
<testsuite skipped="0" hostname="CJLPE13877FK" name="com.vin.testscripts.Presenter4Menu" tests="1" failures="0" timestamp="17 Sep 2020 10:24:04 GMT" time="183.661" errors="0">
  <testcase name="verifyPresenter4Menu" time="183.661" classname="com.vin.testscripts.Presenter4Menu"/>
</testsuite> <!-- com.vin.testscripts.Presenter4Menu -->
