<?xml version="1.0" encoding="UTF-8"?>
<!-- Generated by org.testng.reporters.JUnitReportReporter -->
<testsuite skipped="0" hostname="NVTECHRT03" name="com.vin.testscripts.SearchRegression5" tests="1" failures="0" timestamp="01 Oct 2020 03:14:58 GMT" time="148.282" errors="0">
  <testcase name="verifySearchRegression5" time="148.282" classname="com.vin.testscripts.SearchRegression5"/>
</testsuite> <!-- com.vin.testscripts.SearchRegression5 -->
