<?xml version="1.0" encoding="UTF-8"?>
<!-- Generated by org.testng.reporters.JUnitReportReporter -->
<testsuite skipped="0" hostname="CJLPE13877FK" name="com.vin.testscripts.RodenticideHappyPath" tests="1" failures="0" timestamp="17 Sep 2020 08:40:51 GMT" time="94.901" errors="0">
  <testcase name="RodenticideHappyPath" time="94.901" classname="com.vin.testscripts.RodenticideHappyPath"/>
</testsuite> <!-- com.vin.testscripts.RodenticideHappyPath -->
