<?xml version="1.0" encoding="UTF-8"?>
<!-- Generated by org.testng.reporters.JUnitReportReporter -->
<testsuite skipped="0" hostname="CJLPE13877FK" name="com.vin.testscripts.SignalmentHappyPath" tests="1" failures="0" timestamp="18 Sep 2020 05:36:25 GMT" time="163.484" errors="0">
  <testcase name="signalment" time="163.484" classname="com.vin.testscripts.SignalmentHappyPath"/>
</testsuite> <!-- com.vin.testscripts.SignalmentHappyPath -->
