<?xml version="1.0" encoding="UTF-8"?>
<!-- Generated by org.testng.reporters.JUnitReportReporter -->
<testsuite skipped="0" hostname="CJLPE13877FK" name="com.vin.testscripts.VINxHappyPath" tests="1" failures="0" timestamp="17 Sep 2020 10:24:04 GMT" time="213.288" errors="0">
  <testcase name="VINxHappyPath" time="213.288" classname="com.vin.testscripts.VINxHappyPath"/>
</testsuite> <!-- com.vin.testscripts.VINxHappyPath -->
