<?xml version="1.0" encoding="UTF-8"?>
<!-- Generated by org.testng.reporters.JUnitReportReporter -->
<testsuite skipped="0" hostname="CJLPE13877FK" name="com.vin.testscripts.DoseCalculatorHappyPath" tests="1" failures="0" timestamp="17 Sep 2020 08:40:51 GMT" time="98.118" errors="0">
  <testcase name="verifyDoseCalculatorHappyPath" time="98.118" classname="com.vin.testscripts.DoseCalculatorHappyPath"/>
</testsuite> <!-- com.vin.testscripts.DoseCalculatorHappyPath -->
