<?xml version="1.0" encoding="UTF-8"?>
<!-- Generated by org.testng.reporters.JUnitReportReporter -->
<testsuite skipped="0" hostname="CJLPE13877FK" name="com.vin.testscripts.CECourseInfoHappyPath" tests="1" failures="0" timestamp="17 Sep 2020 10:24:04 GMT" time="88.499" errors="0">
  <testcase name="VerifyCECourseInfo" time="88.499" classname="com.vin.testscripts.CECourseInfoHappyPath"/>
</testsuite> <!-- com.vin.testscripts.CECourseInfoHappyPath -->
