<?xml version="1.0" encoding="UTF-8"?>
<!-- Generated by org.testng.reporters.JUnitReportReporter -->
<testsuite skipped="0" hostname="NVTECHRT03" name="com.vin.testscripts.VirtualClinicHappyPath" tests="1" failures="0" timestamp="01 Oct 2020 01:59:46 GMT" time="550.821" errors="0">
  <testcase name="verifyVirtualClinicHappyPath" time="550.821" classname="com.vin.testscripts.VirtualClinicHappyPath"/>
</testsuite> <!-- com.vin.testscripts.VirtualClinicHappyPath -->
