<?xml version="1.0" encoding="UTF-8"?>
<!-- Generated by org.testng.reporters.JUnitReportReporter -->
<testsuite skipped="0" hostname="360NDCLP139" name="com.vin.testscripts.CECourseInfo" tests="1" failures="0" timestamp="2020-01-21T23:44:48 IST" time="693.674" errors="1">
  <testcase name="VerifyCECourseInfo" time="693.674" classname="com.vin.testscripts.CECourseInfo">
    <error type="java.lang.NoSuchMethodError" message="com.sun.jna.Native.load(Ljava/lang/String;Ljava/lang/Class;Ljava/util/Map;)Lcom/sun/jna/Library;">
      <![CDATA[java.lang.NoSuchMethodError: com.sun.jna.Native.load(Ljava/lang/String;Ljava/lang/Class;Ljava/util/Map;)Lcom/sun/jna/Library;
at org.sikuli.natives.SXUser32.<clinit>(SXUser32.java:13)
at org.sikuli.natives.WinUtil.<clinit>(WinUtil.java:37)
at org.sikuli.script.support.RunTime.addToWindowsSystemPath(RunTime.java:1683)
at org.sikuli.script.support.RunTime.libsExport(RunTime.java:1626)
at org.sikuli.script.support.RunTime.libsLoad(RunTime.java:1445)
at org.sikuli.script.support.RunTime.loadLibrary(RunTime.java:1655)
at org.sikuli.script.Finder$Finder2.<clinit>(Finder.java:571)
at org.sikuli.script.Pattern.<init>(Pattern.java:123)
at com.vin.pages.CECourseInfoPage.clickOnCancelButtonOnPrintWindow(CECourseInfoPage.java:476)
at com.vin.testscripts.CECourseInfo.VerifyCECourseInfo(CECourseInfo.java:157)
at sun.reflect.NativeMethodAccessorImpl.invoke0(Native Method)
at sun.reflect.NativeMethodAccessorImpl.invoke(Unknown Source)
at sun.reflect.DelegatingMethodAccessorImpl.invoke(Unknown Source)
at java.lang.reflect.Method.invoke(Unknown Source)
at org.testng.internal.MethodInvocationHelper.invokeMethod(MethodInvocationHelper.java:133)
at org.testng.internal.TestInvoker.invokeMethod(TestInvoker.java:584)
at org.testng.internal.TestInvoker.invokeTestMethod(TestInvoker.java:172)
at org.testng.internal.MethodRunner.runInSequence(MethodRunner.java:46)
at org.testng.internal.TestInvoker$MethodInvocationAgent.invoke(TestInvoker.java:804)
at org.testng.internal.TestInvoker.invokeTestMethods(TestInvoker.java:145)
at org.testng.internal.TestMethodWorker.invokeTestMethods(TestMethodWorker.java:146)
at org.testng.internal.TestMethodWorker.run(TestMethodWorker.java:128)
at java.util.ArrayList.forEach(Unknown Source)
at org.testng.TestRunner.privateRun(TestRunner.java:770)
at org.testng.TestRunner.run(TestRunner.java:591)
at org.testng.SuiteRunner.runTest(SuiteRunner.java:402)
at org.testng.SuiteRunner.runSequentially(SuiteRunner.java:396)
at org.testng.SuiteRunner.privateRun(SuiteRunner.java:355)
at org.testng.SuiteRunner.run(SuiteRunner.java:304)
at org.testng.SuiteRunnerWorker.runSuite(SuiteRunnerWorker.java:53)
at org.testng.SuiteRunnerWorker.run(SuiteRunnerWorker.java:96)
at org.testng.TestNG.runSuitesSequentially(TestNG.java:1180)
at org.testng.TestNG.runSuitesLocally(TestNG.java:1102)
at org.testng.TestNG.runSuites(TestNG.java:1032)
at org.testng.TestNG.run(TestNG.java:1000)
at org.testng.remote.AbstractRemoteTestNG.run(AbstractRemoteTestNG.java:115)
at org.testng.remote.RemoteTestNG.initAndRun(RemoteTestNG.java:251)
at org.testng.remote.RemoteTestNG.main(RemoteTestNG.java:77)
]]>
    </error>
  </testcase> <!-- VerifyCECourseInfo -->
</testsuite> <!-- com.vin.testscripts.CECourseInfo -->
