<?xml version="1.0" encoding="UTF-8"?>
<!-- Generated by org.testng.reporters.JUnitReportReporter -->
<testsuite skipped="0" hostname="CJLPE13877FK" name="com.vin.testscripts.ValidLoginToVin" tests="1" failures="0" timestamp="17 Sep 2020 08:40:51 GMT" time="87.239" errors="0">
  <testcase name="validLoginToVin" time="87.239" classname="com.vin.testscripts.ValidLoginToVin"/>
</testsuite> <!-- com.vin.testscripts.ValidLoginToVin -->
