<?xml version="1.0" encoding="UTF-8"?>
<!-- Generated by org.testng.reporters.JUnitReportReporter -->
<testsuite skipped="0" hostname="CJLPE13877FK" name="com.vin.testscripts.JournalsHappyPath" tests="1" failures="0" timestamp="18 Sep 2020 10:46:12 GMT" time="206.163" errors="0">
  <testcase name="journalsTC1" time="206.163" classname="com.vin.testscripts.JournalsHappyPath"/>
</testsuite> <!-- com.vin.testscripts.JournalsHappyPath -->
