<?xml version="1.0" encoding="UTF-8"?>
<!-- Generated by org.testng.reporters.JUnitReportReporter -->
<testsuite skipped="0" hostname="CJLPE13877FK" name="com.vin.testscripts.PremedicationDogDrugHappyPath" tests="1" failures="0" timestamp="17 Sep 2020 10:24:04 GMT" time="78.020" errors="0">
  <testcase name="verifyPremedicationDogDrugHappyPath" time="78.020" classname="com.vin.testscripts.PremedicationDogDrugHappyPath"/>
</testsuite> <!-- com.vin.testscripts.PremedicationDogDrugHappyPath -->
