<?xml version="1.0" encoding="UTF-8"?>
<!-- Generated by org.testng.reporters.JUnitReportReporter -->
<testsuite skipped="0" hostname="CJLPE13877FK" name="com.vin.testscripts.VINPromoPageStudentAcademia" tests="1" failures="0" timestamp="17 Sep 2020 08:40:51 GMT" time="55.874" errors="0">
  <testcase name="promoPageStudentAcademia" time="55.874" classname="com.vin.testscripts.VINPromoPageStudentAcademia"/>
</testsuite> <!-- com.vin.testscripts.VINPromoPageStudentAcademia -->
