<?xml version="1.0" encoding="UTF-8"?>
<!-- Generated by org.testng.reporters.JUnitReportReporter -->
<testsuite skipped="0" hostname="CJLPE13877FK" name="com.vin.testscripts.GlucosePlotterDogHappyPath" tests="1" failures="0" timestamp="17 Sep 2020 10:24:04 GMT" time="79.398" errors="0">
  <testcase name="verifyGlucosePlotterHappyPath" time="79.398" classname="com.vin.testscripts.GlucosePlotterDogHappyPath"/>
</testsuite> <!-- com.vin.testscripts.GlucosePlotterDogHappyPath -->
