<?xml version="1.0" encoding="UTF-8"?>
<!-- Generated by org.testng.reporters.JUnitReportReporter -->
<testsuite skipped="0" hostname="CJLPE13877FK" name="com.vin.testscripts.TopicalTherapyHappyPath" tests="1" failures="0" timestamp="17 Sep 2020 10:24:04 GMT" time="84.286" errors="0">
  <testcase name="TopicalTherapyHappyPath" time="84.286" classname="com.vin.testscripts.TopicalTherapyHappyPath"/>
</testsuite> <!-- com.vin.testscripts.TopicalTherapyHappyPath -->
