<?xml version="1.0" encoding="UTF-8"?>
<!-- Generated by org.testng.reporters.JUnitReportReporter -->
<testsuite skipped="0" hostname="CJLPE13877FK" name="com.vin.testscripts.eVetSitesHappyPath" tests="1" failures="0" timestamp="17 Sep 2020 10:24:04 GMT" time="65.845" errors="0">
  <testcase name="eVetSitesHappyPathextends" time="65.845" classname="com.vin.testscripts.eVetSitesHappyPath"/>
</testsuite> <!-- com.vin.testscripts.eVetSitesHappyPath -->
