<?xml version="1.0" encoding="UTF-8"?>
<!-- Generated by org.testng.reporters.JUnitReportReporter -->
<testsuite skipped="0" hostname="CJLPE13877FK" name="com.vin.testscripts.DrugDilution_FromHomePageHappyPath" tests="1" failures="0" timestamp="17 Sep 2020 08:40:51 GMT" time="176.399" errors="0">
  <testcase name="drugDilution_FromHomePage" time="176.399" classname="com.vin.testscripts.DrugDilution_FromHomePageHappyPath"/>
</testsuite> <!-- com.vin.testscripts.DrugDilution_FromHomePageHappyPath -->
