<?xml version="1.0" encoding="UTF-8"?>
<!-- Generated by org.testng.reporters.JUnitReportReporter -->
<testsuite skipped="0" hostname="CJLPE13877FK" name="com.vin.testscripts.PreferencesBoardsOnePass" tests="1" failures="0" timestamp="17 Sep 2020 10:24:04 GMT" time="151.647" errors="0">
  <testcase name="verifyPreferencesBoardsOnePass" time="151.647" classname="com.vin.testscripts.PreferencesBoardsOnePass"/>
</testsuite> <!-- com.vin.testscripts.PreferencesBoardsOnePass -->
