<?xml version="1.0" encoding="UTF-8"?>
<!-- Generated by org.testng.reporters.JUnitReportReporter -->
<testsuite skipped="0" hostname="CJLPE13877FK" name="com.vin.testscripts.StudentLoanSimHappyPath" tests="2" failures="0" timestamp="17 Sep 2020 08:40:51 GMT" time="150.801" errors="0">
  <testcase name="StudentLoanSimulator2yearRepayment" time="74.272" classname="com.vin.testscripts.StudentLoanSimHappyPath"/>
  <testcase name="studentLoanSimulatorHappyPath" time="76.529" classname="com.vin.testscripts.StudentLoanSimHappyPath"/>
</testsuite> <!-- com.vin.testscripts.StudentLoanSimHappyPath -->
