<?xml version="1.0" encoding="UTF-8"?>
<!-- Generated by org.testng.reporters.JUnitReportReporter -->
<testsuite skipped="0" hostname="NVTECHRT03" name="com.vin.testscripts.IVALAHappyPath" tests="1" failures="0" timestamp="30 Sep 2020 18:03:11 GMT" time="380.202" errors="0">
  <testcase name="verifyIVALAHappyPath" time="380.202" classname="com.vin.testscripts.IVALAHappyPath"/>
</testsuite> <!-- com.vin.testscripts.IVALAHappyPath -->
