<?xml version="1.0" encoding="UTF-8"?>
<!-- Generated by org.testng.reporters.JUnitReportReporter -->
<testsuite skipped="0" hostname="LAPTOP-HBDE6MI1" name="com.vin.testscripts.GlucosePlotterHappyPath" tests="1" failures="0" timestamp="13 Jul 2020 09:45:48 GMT" time="71.469" errors="0">
  <testcase name="verifyGlucosePlotterHappyPath" time="71.469" classname="com.vin.testscripts.GlucosePlotterHappyPath"/>
</testsuite> <!-- com.vin.testscripts.GlucosePlotterHappyPath -->
