<?xml version="1.0" encoding="UTF-8"?>
<!-- Generated by org.testng.reporters.JUnitReportReporter -->
<testsuite skipped="0" hostname="CJLPE13877FK" name="com.vin.testscripts.PublicNewsHappyPath" tests="1" failures="0" timestamp="17 Sep 2020 10:24:04 GMT" time="93.056" errors="0">
  <testcase name="PublicNewsHappyPath" time="93.056" classname="com.vin.testscripts.PublicNewsHappyPath"/>
</testsuite> <!-- com.vin.testscripts.PublicNewsHappyPath -->
