<?xml version="1.0" encoding="UTF-8"?>
<!-- Generated by org.testng.reporters.JUnitReportReporter -->
<testsuite skipped="0" hostname="CJLPE13877FK" name="com.vin.testscripts.PremedicationCatDrugHappyPath" tests="1" failures="0" timestamp="17 Sep 2020 10:24:04 GMT" time="82.841" errors="0">
  <testcase name="verifyPremedicationCatDrugHappyPath" time="82.841" classname="com.vin.testscripts.PremedicationCatDrugHappyPath"/>
</testsuite> <!-- com.vin.testscripts.PremedicationCatDrugHappyPath -->
