<?xml version="1.0" encoding="UTF-8"?>
<!-- Generated by org.testng.reporters.JUnitReportReporter -->
<testsuite skipped="0" hostname="CJLPE13877FK" name="com.vin.testscripts.MyProfileChangeNameHappyPath" tests="1" failures="0" timestamp="17 Sep 2020 10:24:04 GMT" time="118.766" errors="0">
  <testcase name="verifyMyProfileChangeNameHappyPath" time="118.766" classname="com.vin.testscripts.MyProfileChangeNameHappyPath"/>
</testsuite> <!-- com.vin.testscripts.MyProfileChangeNameHappyPath -->
