<?xml version="1.0" encoding="UTF-8"?>
<!-- Generated by org.testng.reporters.JUnitReportReporter -->
<testsuite skipped="0" hostname="CJLPE13877FK" name="com.vin.testscripts.MyCEHappyPath" tests="1" failures="0" timestamp="17 Sep 2020 08:40:51 GMT" time="117.078" errors="0">
  <testcase name="myCEHappyPath" time="117.078" classname="com.vin.testscripts.MyCEHappyPath"/>
</testsuite> <!-- com.vin.testscripts.MyCEHappyPath -->
