<?xml version="1.0" encoding="UTF-8"?>
<!-- Generated by org.testng.reporters.JUnitReportReporter -->
<testsuite skipped="0" hostname="CJLPE13877FK" name="com.vin.testscripts.MyColleaguesHappyPath" tests="2" failures="0" timestamp="17 Sep 2020 08:40:51 GMT" time="186.899" errors="0">
  <testcase name="myColleaguesSearch" time="91.832" classname="com.vin.testscripts.MyColleaguesHappyPath"/>
  <testcase name="mYColleagueSearchViewResults" time="95.067" classname="com.vin.testscripts.MyColleaguesHappyPath"/>
</testsuite> <!-- com.vin.testscripts.MyColleaguesHappyPath -->
